{
"C:\\Users\\IBRAHIM\\inverted-index-api\\src\\inverted-index.js":{"path":"C:\\Users\\IBRAHIM\\inverted-index-api\\src\\inverted-index.js","s":{"1":1,"2":2,"3":0,"4":1,"5":1,"6":1,"7":4,"8":4,"9":4,"10":4,"11":4,"12":4,"13":1,"14":1,"15":1,"16":1,"17":0,"18":1,"19":1,"20":1,"21":1,"22":1,"23":1,"24":1,"25":0,"26":1,"27":1,"28":1,"29":1,"30":1,"31":26,"32":26,"33":1,"34":25,"35":26,"36":25,"37":1,"38":2,"39":2,"40":2,"41":2,"42":2,"43":4,"44":8,"45":69,"46":18,"47":13,"48":51,"49":2,"50":4,"51":2,"52":2,"53":2,"54":2,"55":0,"56":5,"57":5,"58":5,"59":5,"60":5,"61":0,"62":5,"63":0,"64":0,"65":0,"66":0,"67":0,"68":0,"69":0,"70":0,"71":0,"72":0,"73":0,"74":0,"75":5,"76":7,"77":1,"78":2,"79":6,"80":5,"81":10,"82":16,"83":9,"84":7,"85":5,"86":10,"87":5,"88":1,"89":1},"b":{"1":[1,0],"2":[1,1],"3":[0,0],"4":[0,0,0,0],"5":[4,4],"6":[4,0],"7":[1,0],"8":[0,1],"9":[0,1],"10":[1,1],"11":[0,1],"12":[25,1],"13":[2,0],"14":[18,51],"15":[13,5],"16":[18,15],"17":[2,0],"18":[0,2],"19":[0,5],"20":[0,5],"21":[5,4],"22":[0,0],"23":[0,0],"24":[0,0],"25":[1,6],"26":[9,7]},"f":{"1":2,"2":0,"3":1,"4":1,"5":1,"6":1,"7":1,"8":1,"9":1,"10":26,"11":26,"12":2,"13":2,"14":4,"15":69,"16":5,"17":0,"18":0,"19":2,"20":10,"21":16},"fnMap":{"1":{"name":"(anonymous_1)","line":3,"loc":{"start":{"line":3,"column":84},"end":{"line":3,"column":99}}},"2":{"name":"(anonymous_2)","line":3,"loc":{"start":{"line":3,"column":124},"end":{"line":3,"column":139}}},"3":{"name":"(anonymous_3)","line":5,"loc":{"start":{"line":5,"column":19},"end":{"line":5,"column":31}}},"4":{"name":"defineProperties","line":5,"loc":{"start":{"line":5,"column":33},"end":{"line":5,"column":74}}},"5":{"name":"(anonymous_5)","line":5,"loc":{"start":{"line":5,"column":357},"end":{"line":5,"column":405}}},"6":{"name":"_interopRequireDefault","line":12,"loc":{"start":{"line":12,"column":0},"end":{"line":12,"column":37}}},"7":{"name":"_classCallCheck","line":14,"loc":{"start":{"line":14,"column":0},"end":{"line":14,"column":48}}},"8":{"name":"(anonymous_8)","line":16,"loc":{"start":{"line":16,"column":20},"end":{"line":16,"column":32}}},"9":{"name":"invertedIndex","line":17,"loc":{"start":{"line":17,"column":2},"end":{"line":17,"column":27}}},"10":{"name":"isValidJSON","line":25,"loc":{"start":{"line":25,"column":11},"end":{"line":25,"column":42}}},"11":{"name":"readFile","line":35,"loc":{"start":{"line":35,"column":11},"end":{"line":35,"column":39}}},"12":{"name":"createIndex","line":44,"loc":{"start":{"line":44,"column":11},"end":{"line":44,"column":42}}},"13":{"name":"(anonymous_13)","line":48,"loc":{"start":{"line":48,"column":19},"end":{"line":48,"column":31}}},"14":{"name":"_loop","line":51,"loc":{"start":{"line":51,"column":22},"end":{"line":51,"column":40}}},"15":{"name":"(anonymous_15)","line":53,"loc":{"start":{"line":53,"column":101},"end":{"line":53,"column":117}}},"16":{"name":"searchIndex","line":81,"loc":{"start":{"line":81,"column":11},"end":{"line":81,"column":34}}},"17":{"name":"(anonymous_17)","line":103,"loc":{"start":{"line":103,"column":37},"end":{"line":103,"column":54}}},"18":{"name":"(anonymous_18)","line":111,"loc":{"start":{"line":111,"column":35},"end":{"line":111,"column":50}}},"19":{"name":"(anonymous_19)","line":126,"loc":{"start":{"line":126,"column":36},"end":{"line":126,"column":53}}},"20":{"name":"_loop2","line":134,"loc":{"start":{"line":134,"column":23},"end":{"line":134,"column":44}}},"21":{"name":"(anonymous_21)","line":135,"loc":{"start":{"line":135,"column":35},"end":{"line":135,"column":50}}}},"statementMap":{"1":{"start":{"line":3,"column":0},"end":{"line":3,"column":269}},"2":{"start":{"line":3,"column":101},"end":{"line":3,"column":119}},"3":{"start":{"line":3,"column":141},"end":{"line":3,"column":266}},"4":{"start":{"line":5,"column":0},"end":{"line":5,"column":564}},"5":{"start":{"line":5,"column":33},"end":{"line":5,"column":349}},"6":{"start":{"line":5,"column":76},"end":{"line":5,"column":347}},"7":{"start":{"line":5,"column":117},"end":{"line":5,"column":143}},"8":{"start":{"line":5,"column":144},"end":{"line":5,"column":199}},"9":{"start":{"line":5,"column":200},"end":{"line":5,"column":231}},"10":{"start":{"line":5,"column":232},"end":{"line":5,"column":286}},"11":{"start":{"line":5,"column":259},"end":{"line":5,"column":286}},"12":{"start":{"line":5,"column":287},"end":{"line":5,"column":345}},"13":{"start":{"line":5,"column":350},"end":{"line":5,"column":559}},"14":{"start":{"line":5,"column":407},"end":{"line":5,"column":475}},"15":{"start":{"line":5,"column":423},"end":{"line":5,"column":475}},"16":{"start":{"line":5,"column":476},"end":{"line":5,"column":536}},"17":{"start":{"line":5,"column":493},"end":{"line":5,"column":536}},"18":{"start":{"line":5,"column":537},"end":{"line":5,"column":556}},"19":{"start":{"line":8,"column":0},"end":{"line":8,"column":24}},"20":{"start":{"line":10,"column":0},"end":{"line":10,"column":39}},"21":{"start":{"line":12,"column":0},"end":{"line":12,"column":95}},"22":{"start":{"line":12,"column":39},"end":{"line":12,"column":93}},"23":{"start":{"line":14,"column":0},"end":{"line":14,"column":153}},"24":{"start":{"line":14,"column":50},"end":{"line":14,"column":151}},"25":{"start":{"line":14,"column":92},"end":{"line":14,"column":149}},"26":{"start":{"line":16,"column":0},"end":{"line":154,"column":4}},"27":{"start":{"line":17,"column":2},"end":{"line":21,"column":3}},"28":{"start":{"line":18,"column":4},"end":{"line":18,"column":41}},"29":{"start":{"line":20,"column":4},"end":{"line":20,"column":20}},"30":{"start":{"line":23,"column":2},"end":{"line":151,"column":6}},"31":{"start":{"line":26,"column":6},"end":{"line":30,"column":7}},"32":{"start":{"line":27,"column":8},"end":{"line":27,"column":72}},"33":{"start":{"line":29,"column":8},"end":{"line":29,"column":21}},"34":{"start":{"line":31,"column":6},"end":{"line":31,"column":18}},"35":{"start":{"line":36,"column":6},"end":{"line":40,"column":7}},"36":{"start":{"line":37,"column":8},"end":{"line":37,"column":79}},"37":{"start":{"line":39,"column":8},"end":{"line":39,"column":35}},"38":{"start":{"line":45,"column":6},"end":{"line":45,"column":23}},"39":{"start":{"line":47,"column":6},"end":{"line":77,"column":7}},"40":{"start":{"line":48,"column":8},"end":{"line":72,"column":12}},"41":{"start":{"line":49,"column":10},"end":{"line":49,"column":30}},"42":{"start":{"line":51,"column":10},"end":{"line":63,"column":12}},"43":{"start":{"line":52,"column":12},"end":{"line":62,"column":13}},"44":{"start":{"line":53,"column":14},"end":{"line":61,"column":17}},"45":{"start":{"line":54,"column":16},"end":{"line":60,"column":17}},"46":{"start":{"line":55,"column":18},"end":{"line":57,"column":19}},"47":{"start":{"line":56,"column":20},"end":{"line":56,"column":45}},"48":{"start":{"line":59,"column":18},"end":{"line":59,"column":41}},"49":{"start":{"line":65,"column":10},"end":{"line":67,"column":11}},"50":{"start":{"line":66,"column":12},"end":{"line":66,"column":21}},"51":{"start":{"line":68,"column":10},"end":{"line":68,"column":45}},"52":{"start":{"line":69,"column":10},"end":{"line":71,"column":12}},"53":{"start":{"line":74,"column":8},"end":{"line":74,"column":100}},"54":{"start":{"line":74,"column":86},"end":{"line":74,"column":100}},"55":{"start":{"line":76,"column":8},"end":{"line":76,"column":85}},"56":{"start":{"line":82,"column":6},"end":{"line":82,"column":33}},"57":{"start":{"line":84,"column":6},"end":{"line":84,"column":22}},"58":{"start":{"line":85,"column":6},"end":{"line":85,"column":28}},"59":{"start":{"line":86,"column":6},"end":{"line":86,"column":30}},"60":{"start":{"line":93,"column":6},"end":{"line":149,"column":7}},"61":{"start":{"line":94,"column":8},"end":{"line":94,"column":95}},"62":{"start":{"line":97,"column":8},"end":{"line":148,"column":9}},"63":{"start":{"line":98,"column":10},"end":{"line":119,"column":11}},"64":{"start":{"line":99,"column":12},"end":{"line":99,"column":84}},"65":{"start":{"line":101,"column":12},"end":{"line":109,"column":13}},"66":{"start":{"line":102,"column":14},"end":{"line":108,"column":15}},"67":{"start":{"line":103,"column":16},"end":{"line":105,"column":19}},"68":{"start":{"line":104,"column":18},"end":{"line":104,"column":59}},"69":{"start":{"line":107,"column":16},"end":{"line":107,"column":64}},"70":{"start":{"line":111,"column":12},"end":{"line":117,"column":15}},"71":{"start":{"line":112,"column":14},"end":{"line":116,"column":15}},"72":{"start":{"line":113,"column":16},"end":{"line":113,"column":67}},"73":{"start":{"line":115,"column":16},"end":{"line":115,"column":41}},"74":{"start":{"line":118,"column":12},"end":{"line":118,"column":32}},"75":{"start":{"line":124,"column":10},"end":{"line":132,"column":11}},"76":{"start":{"line":125,"column":12},"end":{"line":131,"column":13}},"77":{"start":{"line":126,"column":14},"end":{"line":128,"column":17}},"78":{"start":{"line":127,"column":16},"end":{"line":127,"column":57}},"79":{"start":{"line":130,"column":14},"end":{"line":130,"column":63}},"80":{"start":{"line":134,"column":10},"end":{"line":142,"column":12}},"81":{"start":{"line":135,"column":12},"end":{"line":141,"column":15}},"82":{"start":{"line":136,"column":14},"end":{"line":140,"column":15}},"83":{"start":{"line":137,"column":16},"end":{"line":137,"column":57}},"84":{"start":{"line":139,"column":16},"end":{"line":139,"column":41}},"85":{"start":{"line":144,"column":10},"end":{"line":146,"column":11}},"86":{"start":{"line":145,"column":12},"end":{"line":145,"column":24}},"87":{"start":{"line":147,"column":10},"end":{"line":147,"column":30}},"88":{"start":{"line":153,"column":2},"end":{"line":153,"column":23}},"89":{"start":{"line":156,"column":0},"end":{"line":156,"column":37}}},"branchMap":{"1":{"line":3,"type":"cond-expr","locations":[{"start":{"line":3,"column":84},"end":{"line":3,"column":121}},{"start":{"line":3,"column":124},"end":{"line":3,"column":268}}]},"2":{"line":3,"type":"binary-expr","locations":[{"start":{"line":3,"column":14},"end":{"line":3,"column":42}},{"start":{"line":3,"column":46},"end":{"line":3,"column":81}}]},"3":{"line":3,"type":"cond-expr","locations":[{"start":{"line":3,"column":244},"end":{"line":3,"column":252}},{"start":{"line":3,"column":255},"end":{"line":3,"column":265}}]},"4":{"line":3,"type":"binary-expr","locations":[{"start":{"line":3,"column":148},"end":{"line":3,"column":151}},{"start":{"line":3,"column":155},"end":{"line":3,"column":183}},{"start":{"line":3,"column":187},"end":{"line":3,"column":213}},{"start":{"line":3,"column":217},"end":{"line":3,"column":241}}]},"5":{"line":5,"type":"binary-expr","locations":[{"start":{"line":5,"column":168},"end":{"line":5,"column":189}},{"start":{"line":5,"column":193},"end":{"line":5,"column":198}}]},"6":{"line":5,"type":"if","locations":[{"start":{"line":5,"column":232},"end":{"line":5,"column":232}},{"start":{"line":5,"column":232},"end":{"line":5,"column":232}}]},"7":{"line":5,"type":"if","locations":[{"start":{"line":5,"column":407},"end":{"line":5,"column":407}},{"start":{"line":5,"column":407},"end":{"line":5,"column":407}}]},"8":{"line":5,"type":"if","locations":[{"start":{"line":5,"column":476},"end":{"line":5,"column":476}},{"start":{"line":5,"column":476},"end":{"line":5,"column":476}}]},"9":{"line":12,"type":"cond-expr","locations":[{"start":{"line":12,"column":70},"end":{"line":12,"column":73}},{"start":{"line":12,"column":76},"end":{"line":12,"column":92}}]},"10":{"line":12,"type":"binary-expr","locations":[{"start":{"line":12,"column":46},"end":{"line":12,"column":49}},{"start":{"line":12,"column":53},"end":{"line":12,"column":67}}]},"11":{"line":14,"type":"if","locations":[{"start":{"line":14,"column":50},"end":{"line":14,"column":50}},{"start":{"line":14,"column":50},"end":{"line":14,"column":50}}]},"12":{"line":36,"type":"if","locations":[{"start":{"line":36,"column":6},"end":{"line":36,"column":6}},{"start":{"line":36,"column":6},"end":{"line":36,"column":6}}]},"13":{"line":47,"type":"if","locations":[{"start":{"line":47,"column":6},"end":{"line":47,"column":6}},{"start":{"line":47,"column":6},"end":{"line":47,"column":6}}]},"14":{"line":54,"type":"if","locations":[{"start":{"line":54,"column":16},"end":{"line":54,"column":16}},{"start":{"line":54,"column":16},"end":{"line":54,"column":16}}]},"15":{"line":55,"type":"if","locations":[{"start":{"line":55,"column":18},"end":{"line":55,"column":18}},{"start":{"line":55,"column":18},"end":{"line":55,"column":18}}]},"16":{"line":55,"type":"binary-expr","locations":[{"start":{"line":55,"column":22},"end":{"line":55,"column":49}},{"start":{"line":55,"column":53},"end":{"line":55,"column":78}}]},"17":{"line":74,"type":"if","locations":[{"start":{"line":74,"column":8},"end":{"line":74,"column":8}},{"start":{"line":74,"column":8},"end":{"line":74,"column":8}}]},"18":{"line":74,"type":"cond-expr","locations":[{"start":{"line":74,"column":43},"end":{"line":74,"column":54}},{"start":{"line":74,"column":57},"end":{"line":74,"column":70}}]},"19":{"line":93,"type":"if","locations":[{"start":{"line":93,"column":6},"end":{"line":93,"column":6}},{"start":{"line":93,"column":6},"end":{"line":93,"column":6}}]},"20":{"line":97,"type":"if","locations":[{"start":{"line":97,"column":8},"end":{"line":97,"column":8}},{"start":{"line":97,"column":8},"end":{"line":97,"column":8}}]},"21":{"line":97,"type":"binary-expr","locations":[{"start":{"line":97,"column":12},"end":{"line":97,"column":40}},{"start":{"line":97,"column":44},"end":{"line":97,"column":81}}]},"22":{"line":98,"type":"if","locations":[{"start":{"line":98,"column":10},"end":{"line":98,"column":10}},{"start":{"line":98,"column":10},"end":{"line":98,"column":10}}]},"23":{"line":102,"type":"if","locations":[{"start":{"line":102,"column":14},"end":{"line":102,"column":14}},{"start":{"line":102,"column":14},"end":{"line":102,"column":14}}]},"24":{"line":112,"type":"if","locations":[{"start":{"line":112,"column":14},"end":{"line":112,"column":14}},{"start":{"line":112,"column":14},"end":{"line":112,"column":14}}]},"25":{"line":125,"type":"if","locations":[{"start":{"line":125,"column":12},"end":{"line":125,"column":12}},{"start":{"line":125,"column":12},"end":{"line":125,"column":12}}]},"26":{"line":136,"type":"if","locations":[{"start":{"line":136,"column":14},"end":{"line":136,"column":14}},{"start":{"line":136,"column":14},"end":{"line":136,"column":14}}]}},"l":{"3":2,"5":4,"8":1,"10":1,"12":1,"14":1,"16":1,"17":1,"18":1,"20":1,"23":1,"26":26,"27":26,"29":1,"31":25,"36":26,"37":25,"39":1,"45":2,"47":2,"48":2,"49":2,"51":2,"52":4,"53":8,"54":69,"55":18,"56":13,"59":51,"65":2,"66":4,"68":2,"69":2,"74":2,"76":0,"82":5,"84":5,"85":5,"86":5,"93":5,"94":0,"97":5,"98":0,"99":0,"101":0,"102":0,"103":0,"104":0,"107":0,"111":0,"112":0,"113":0,"115":0,"118":0,"124":5,"125":7,"126":1,"127":2,"130":6,"134":5,"135":10,"136":16,"137":9,"139":7,"144":5,"145":10,"147":5,"153":1,"156":1}}}
