{
"C:\\Users\\IBRAHIM\\inverted-index-api\\dist\\src\\inverted-index.js":{"path":"C:\\Users\\IBRAHIM\\inverted-index-api\\dist\\src\\inverted-index.js","s":{"1":1,"2":1,"3":9,"4":0,"5":1,"6":1,"7":1,"8":7,"9":7,"10":7,"11":7,"12":7,"13":7,"14":1,"15":1,"16":1,"17":1,"18":0,"19":1,"20":1,"21":1,"22":1,"23":1,"24":1,"25":2,"26":1,"27":18,"28":18,"29":21,"30":18,"31":0,"32":1,"33":1,"34":0,"35":1,"36":1,"37":1,"38":1,"39":1,"40":1,"41":1,"42":12,"43":12,"44":12,"45":1,"46":11,"47":1,"48":10,"49":2,"50":8,"51":4,"52":4,"53":3,"54":3,"55":0,"56":1,"57":3,"58":3,"59":0,"60":3,"61":1,"62":1,"63":0,"64":1,"65":10,"66":10,"67":9,"68":9,"69":0,"70":1,"71":4,"72":3,"73":3,"74":3,"75":6,"76":6,"77":6,"78":12,"79":12,"80":12,"81":104,"82":97,"83":12,"84":97,"85":95,"86":6,"87":3,"88":3,"89":95,"90":15,"91":80,"92":160,"93":160,"94":320,"95":95,"96":78,"97":3,"98":3,"99":1,"100":0,"101":1,"102":10,"103":10,"104":10,"105":10,"106":9,"107":9,"108":1,"109":1,"110":8,"111":9,"112":8,"113":2,"114":2,"115":6,"116":9,"117":6,"118":5,"119":14,"120":5,"121":9,"122":5,"123":5,"124":9,"125":8,"126":1,"127":5,"128":1,"129":3,"130":4,"131":3,"132":3,"133":3,"134":6,"135":6,"136":8,"137":4,"138":4,"139":6,"140":3,"141":6,"142":3,"143":9,"144":9,"145":1,"146":1,"147":1},"b":{"1":[1,0],"2":[1,1],"3":[0,0],"4":[0,0,0,0],"5":[7,7],"6":[7,0],"7":[1,0],"8":[0,1],"9":[0,2],"10":[2,2],"11":[18,0],"12":[0,1],"13":[1,10],"14":[2,8],"15":[10,8],"16":[3,1],"17":[3,0],"18":[3,3],"19":[0,3],"20":[0,1],"21":[9,1],"22":[9,0],"23":[3,1],"24":[4,3],"25":[97,7],"26":[95,2],"27":[15,80],"28":[95,225],"29":[78,17],"30":[0,1],"31":[9,1],"32":[10,10],"33":[1,8],"34":[3,14],"35":[2,6],"36":[0,8],"37":[0,2],"38":[0,6],"39":[6,3],"40":[5,1],"41":[8,1],"42":[4,4],"43":[9,0],"44":[0,9]},"f":{"1":9,"2":0,"3":1,"4":1,"5":1,"6":2,"7":18,"8":1,"9":1,"10":1,"11":12,"12":4,"13":3,"14":1,"15":10,"16":4,"17":95,"18":10,"19":9,"20":14,"21":9,"22":9,"23":4,"24":6,"25":8},"fnMap":{"1":{"name":"(anonymous_1)","line":7,"loc":{"start":{"line":7,"column":84},"end":{"line":7,"column":99}}},"2":{"name":"(anonymous_2)","line":7,"loc":{"start":{"line":7,"column":124},"end":{"line":7,"column":139}}},"3":{"name":"(anonymous_3)","line":9,"loc":{"start":{"line":9,"column":19},"end":{"line":9,"column":31}}},"4":{"name":"defineProperties","line":9,"loc":{"start":{"line":9,"column":33},"end":{"line":9,"column":74}}},"5":{"name":"(anonymous_5)","line":9,"loc":{"start":{"line":9,"column":357},"end":{"line":9,"column":405}}},"6":{"name":"_interopRequireDefault","line":19,"loc":{"start":{"line":19,"column":0},"end":{"line":19,"column":37}}},"7":{"name":"_toConsumableArray","line":21,"loc":{"start":{"line":21,"column":0},"end":{"line":21,"column":33}}},"8":{"name":"_classCallCheck","line":23,"loc":{"start":{"line":23,"column":0},"end":{"line":23,"column":48}}},"9":{"name":"(anonymous_9)","line":29,"loc":{"start":{"line":29,"column":20},"end":{"line":29,"column":32}}},"10":{"name":"InvertedIndex","line":34,"loc":{"start":{"line":34,"column":2},"end":{"line":34,"column":27}}},"11":{"name":"readFile","line":51,"loc":{"start":{"line":51,"column":11},"end":{"line":51,"column":39}}},"12":{"name":"isValidJSON","line":73,"loc":{"start":{"line":73,"column":11},"end":{"line":73,"column":45}}},"13":{"name":"isValidFileName","line":92,"loc":{"start":{"line":92,"column":11},"end":{"line":92,"column":46}}},"14":{"name":"isEmptyJSON","line":108,"loc":{"start":{"line":108,"column":11},"end":{"line":108,"column":45}}},"15":{"name":"isIndexValid","line":124,"loc":{"start":{"line":124,"column":11},"end":{"line":124,"column":40}}},"16":{"name":"createIndex","line":145,"loc":{"start":{"line":145,"column":11},"end":{"line":145,"column":55}}},"17":{"name":"(anonymous_17)","line":169,"loc":{"start":{"line":169,"column":35},"end":{"line":169,"column":51}}},"18":{"name":"searchIndex","line":204,"loc":{"start":{"line":204,"column":11},"end":{"line":204,"column":49}}},"19":{"name":"(anonymous_19)","line":211,"loc":{"start":{"line":211,"column":19},"end":{"line":211,"column":31}}},"20":{"name":"(anonymous_20)","line":232,"loc":{"start":{"line":232,"column":53},"end":{"line":232,"column":69}}},"21":{"name":"(anonymous_21)","line":235,"loc":{"start":{"line":235,"column":50},"end":{"line":235,"column":66}}},"22":{"name":"(anonymous_22)","line":240,"loc":{"start":{"line":240,"column":37},"end":{"line":240,"column":52}}},"23":{"name":"(anonymous_23)","line":257,"loc":{"start":{"line":257,"column":46},"end":{"line":257,"column":62}}},"24":{"name":"_loop","line":263,"loc":{"start":{"line":263,"column":22},"end":{"line":263,"column":40}}},"25":{"name":"(anonymous_25)","line":265,"loc":{"start":{"line":265,"column":35},"end":{"line":265,"column":50}}}},"statementMap":{"1":{"start":{"line":3,"column":0},"end":{"line":5,"column":3}},"2":{"start":{"line":7,"column":0},"end":{"line":7,"column":269}},"3":{"start":{"line":7,"column":101},"end":{"line":7,"column":119}},"4":{"start":{"line":7,"column":141},"end":{"line":7,"column":266}},"5":{"start":{"line":9,"column":0},"end":{"line":9,"column":564}},"6":{"start":{"line":9,"column":33},"end":{"line":9,"column":349}},"7":{"start":{"line":9,"column":76},"end":{"line":9,"column":347}},"8":{"start":{"line":9,"column":117},"end":{"line":9,"column":143}},"9":{"start":{"line":9,"column":144},"end":{"line":9,"column":199}},"10":{"start":{"line":9,"column":200},"end":{"line":9,"column":231}},"11":{"start":{"line":9,"column":232},"end":{"line":9,"column":286}},"12":{"start":{"line":9,"column":259},"end":{"line":9,"column":286}},"13":{"start":{"line":9,"column":287},"end":{"line":9,"column":345}},"14":{"start":{"line":9,"column":350},"end":{"line":9,"column":559}},"15":{"start":{"line":9,"column":407},"end":{"line":9,"column":475}},"16":{"start":{"line":9,"column":423},"end":{"line":9,"column":475}},"17":{"start":{"line":9,"column":476},"end":{"line":9,"column":536}},"18":{"start":{"line":9,"column":493},"end":{"line":9,"column":536}},"19":{"start":{"line":9,"column":537},"end":{"line":9,"column":556}},"20":{"start":{"line":11,"column":0},"end":{"line":11,"column":24}},"21":{"start":{"line":13,"column":0},"end":{"line":13,"column":39}},"22":{"start":{"line":15,"column":0},"end":{"line":15,"column":28}},"23":{"start":{"line":17,"column":0},"end":{"line":17,"column":43}},"24":{"start":{"line":19,"column":0},"end":{"line":19,"column":95}},"25":{"start":{"line":19,"column":39},"end":{"line":19,"column":93}},"26":{"start":{"line":21,"column":0},"end":{"line":21,"column":195}},"27":{"start":{"line":21,"column":35},"end":{"line":21,"column":193}},"28":{"start":{"line":21,"column":61},"end":{"line":21,"column":145}},"29":{"start":{"line":21,"column":126},"end":{"line":21,"column":143}},"30":{"start":{"line":21,"column":146},"end":{"line":21,"column":158}},"31":{"start":{"line":21,"column":168},"end":{"line":21,"column":191}},"32":{"start":{"line":23,"column":0},"end":{"line":23,"column":153}},"33":{"start":{"line":23,"column":50},"end":{"line":23,"column":151}},"34":{"start":{"line":23,"column":92},"end":{"line":23,"column":149}},"35":{"start":{"line":29,"column":0},"end":{"line":291,"column":4}},"36":{"start":{"line":34,"column":2},"end":{"line":40,"column":3}},"37":{"start":{"line":35,"column":4},"end":{"line":35,"column":41}},"38":{"start":{"line":37,"column":4},"end":{"line":37,"column":20}},"39":{"start":{"line":38,"column":4},"end":{"line":38,"column":30}},"40":{"start":{"line":39,"column":4},"end":{"line":39,"column":33}},"41":{"start":{"line":49,"column":2},"end":{"line":288,"column":6}},"42":{"start":{"line":52,"column":6},"end":{"line":52,"column":27}},"43":{"start":{"line":53,"column":6},"end":{"line":57,"column":7}},"44":{"start":{"line":54,"column":8},"end":{"line":54,"column":89}},"45":{"start":{"line":56,"column":8},"end":{"line":56,"column":35}},"46":{"start":{"line":58,"column":6},"end":{"line":62,"column":7}},"47":{"start":{"line":59,"column":8},"end":{"line":59,"column":33}},"48":{"start":{"line":60,"column":13},"end":{"line":62,"column":7}},"49":{"start":{"line":61,"column":8},"end":{"line":61,"column":37}},"50":{"start":{"line":63,"column":6},"end":{"line":63,"column":94}},"51":{"start":{"line":74,"column":6},"end":{"line":74,"column":37}},"52":{"start":{"line":75,"column":6},"end":{"line":80,"column":7}},"53":{"start":{"line":76,"column":8},"end":{"line":78,"column":9}},"54":{"start":{"line":77,"column":10},"end":{"line":77,"column":22}},"55":{"start":{"line":79,"column":8},"end":{"line":79,"column":21}},"56":{"start":{"line":81,"column":6},"end":{"line":81,"column":19}},"57":{"start":{"line":93,"column":6},"end":{"line":93,"column":31}},"58":{"start":{"line":94,"column":6},"end":{"line":96,"column":7}},"59":{"start":{"line":95,"column":8},"end":{"line":95,"column":21}},"60":{"start":{"line":97,"column":6},"end":{"line":97,"column":18}},"61":{"start":{"line":109,"column":6},"end":{"line":109,"column":37}},"62":{"start":{"line":110,"column":6},"end":{"line":112,"column":7}},"63":{"start":{"line":111,"column":8},"end":{"line":111,"column":20}},"64":{"start":{"line":113,"column":6},"end":{"line":113,"column":19}},"65":{"start":{"line":125,"column":6},"end":{"line":125,"column":25}},"66":{"start":{"line":126,"column":6},"end":{"line":131,"column":7}},"67":{"start":{"line":127,"column":8},"end":{"line":129,"column":9}},"68":{"start":{"line":128,"column":10},"end":{"line":128,"column":22}},"69":{"start":{"line":130,"column":8},"end":{"line":130,"column":21}},"70":{"start":{"line":132,"column":6},"end":{"line":132,"column":19}},"71":{"start":{"line":146,"column":6},"end":{"line":189,"column":7}},"72":{"start":{"line":147,"column":8},"end":{"line":147,"column":28}},"73":{"start":{"line":148,"column":8},"end":{"line":148,"column":36}},"74":{"start":{"line":149,"column":8},"end":{"line":167,"column":9}},"75":{"start":{"line":150,"column":10},"end":{"line":150,"column":40}},"76":{"start":{"line":151,"column":10},"end":{"line":151,"column":64}},"77":{"start":{"line":152,"column":10},"end":{"line":165,"column":11}},"78":{"start":{"line":153,"column":12},"end":{"line":153,"column":51}},"79":{"start":{"line":154,"column":12},"end":{"line":154,"column":114}},"80":{"start":{"line":155,"column":12},"end":{"line":159,"column":13}},"81":{"start":{"line":156,"column":14},"end":{"line":158,"column":15}},"82":{"start":{"line":157,"column":16},"end":{"line":157,"column":66}},"83":{"start":{"line":160,"column":12},"end":{"line":164,"column":13}},"84":{"start":{"line":161,"column":14},"end":{"line":163,"column":15}},"85":{"start":{"line":162,"column":16},"end":{"line":162,"column":76}},"86":{"start":{"line":166,"column":10},"end":{"line":166,"column":82}},"87":{"start":{"line":168,"column":8},"end":{"line":168,"column":34}},"88":{"start":{"line":169,"column":8},"end":{"line":184,"column":11}},"89":{"start":{"line":170,"column":10},"end":{"line":183,"column":11}},"90":{"start":{"line":171,"column":12},"end":{"line":171,"column":140}},"91":{"start":{"line":173,"column":12},"end":{"line":182,"column":13}},"92":{"start":{"line":174,"column":14},"end":{"line":174,"column":59}},"93":{"start":{"line":175,"column":14},"end":{"line":181,"column":15}},"94":{"start":{"line":176,"column":16},"end":{"line":180,"column":17}},"95":{"start":{"line":177,"column":18},"end":{"line":179,"column":19}},"96":{"start":{"line":178,"column":20},"end":{"line":178,"column":43}},"97":{"start":{"line":185,"column":8},"end":{"line":185,"column":42}},"98":{"start":{"line":186,"column":8},"end":{"line":186,"column":26}},"99":{"start":{"line":187,"column":13},"end":{"line":189,"column":7}},"100":{"start":{"line":188,"column":8},"end":{"line":188,"column":79}},"101":{"start":{"line":190,"column":6},"end":{"line":190,"column":134}},"102":{"start":{"line":205,"column":6},"end":{"line":205,"column":33}},"103":{"start":{"line":207,"column":6},"end":{"line":207,"column":28}},"104":{"start":{"line":208,"column":6},"end":{"line":208,"column":30}},"105":{"start":{"line":210,"column":6},"end":{"line":285,"column":7}},"106":{"start":{"line":211,"column":8},"end":{"line":282,"column":12}},"107":{"start":{"line":212,"column":10},"end":{"line":218,"column":11}},"108":{"start":{"line":213,"column":12},"end":{"line":213,"column":32}},"109":{"start":{"line":215,"column":12},"end":{"line":215,"column":105}},"110":{"start":{"line":217,"column":12},"end":{"line":217,"column":42}},"111":{"start":{"line":220,"column":10},"end":{"line":228,"column":11}},"112":{"start":{"line":221,"column":12},"end":{"line":227,"column":13}},"113":{"start":{"line":222,"column":14},"end":{"line":222,"column":35}},"114":{"start":{"line":224,"column":14},"end":{"line":224,"column":159}},"115":{"start":{"line":226,"column":14},"end":{"line":226,"column":94}},"116":{"start":{"line":230,"column":10},"end":{"line":255,"column":11}},"117":{"start":{"line":231,"column":12},"end":{"line":251,"column":13}},"118":{"start":{"line":232,"column":14},"end":{"line":234,"column":17}},"119":{"start":{"line":233,"column":16},"end":{"line":233,"column":53}},"120":{"start":{"line":235,"column":14},"end":{"line":237,"column":17}},"121":{"start":{"line":236,"column":16},"end":{"line":236,"column":42}},"122":{"start":{"line":238,"column":14},"end":{"line":238,"column":36}},"123":{"start":{"line":240,"column":14},"end":{"line":247,"column":17}},"124":{"start":{"line":241,"column":16},"end":{"line":246,"column":17}},"125":{"start":{"line":242,"column":18},"end":{"line":242,"column":59}},"126":{"start":{"line":245,"column":18},"end":{"line":245,"column":43}},"127":{"start":{"line":248,"column":14},"end":{"line":250,"column":16}},"128":{"start":{"line":252,"column":12},"end":{"line":254,"column":14}},"129":{"start":{"line":257,"column":10},"end":{"line":259,"column":13}},"130":{"start":{"line":258,"column":12},"end":{"line":258,"column":38}},"131":{"start":{"line":260,"column":10},"end":{"line":260,"column":32}},"132":{"start":{"line":261,"column":10},"end":{"line":261,"column":47}},"133":{"start":{"line":263,"column":10},"end":{"line":274,"column":12}},"134":{"start":{"line":264,"column":12},"end":{"line":264,"column":33}},"135":{"start":{"line":265,"column":12},"end":{"line":272,"column":15}},"136":{"start":{"line":266,"column":14},"end":{"line":271,"column":15}},"137":{"start":{"line":267,"column":16},"end":{"line":267,"column":62}},"138":{"start":{"line":270,"column":16},"end":{"line":270,"column":40}},"139":{"start":{"line":273,"column":12},"end":{"line":273,"column":55}},"140":{"start":{"line":276,"column":10},"end":{"line":278,"column":11}},"141":{"start":{"line":277,"column":12},"end":{"line":277,"column":21}},"142":{"start":{"line":279,"column":10},"end":{"line":281,"column":12}},"143":{"start":{"line":284,"column":8},"end":{"line":284,"column":100}},"144":{"start":{"line":284,"column":86},"end":{"line":284,"column":100}},"145":{"start":{"line":286,"column":6},"end":{"line":286,"column":99}},"146":{"start":{"line":290,"column":2},"end":{"line":290,"column":23}},"147":{"start":{"line":293,"column":0},"end":{"line":293,"column":38}}},"branchMap":{"1":{"line":7,"type":"cond-expr","locations":[{"start":{"line":7,"column":84},"end":{"line":7,"column":121}},{"start":{"line":7,"column":124},"end":{"line":7,"column":268}}]},"2":{"line":7,"type":"binary-expr","locations":[{"start":{"line":7,"column":14},"end":{"line":7,"column":42}},{"start":{"line":7,"column":46},"end":{"line":7,"column":81}}]},"3":{"line":7,"type":"cond-expr","locations":[{"start":{"line":7,"column":244},"end":{"line":7,"column":252}},{"start":{"line":7,"column":255},"end":{"line":7,"column":265}}]},"4":{"line":7,"type":"binary-expr","locations":[{"start":{"line":7,"column":148},"end":{"line":7,"column":151}},{"start":{"line":7,"column":155},"end":{"line":7,"column":183}},{"start":{"line":7,"column":187},"end":{"line":7,"column":213}},{"start":{"line":7,"column":217},"end":{"line":7,"column":241}}]},"5":{"line":9,"type":"binary-expr","locations":[{"start":{"line":9,"column":168},"end":{"line":9,"column":189}},{"start":{"line":9,"column":193},"end":{"line":9,"column":198}}]},"6":{"line":9,"type":"if","locations":[{"start":{"line":9,"column":232},"end":{"line":9,"column":232}},{"start":{"line":9,"column":232},"end":{"line":9,"column":232}}]},"7":{"line":9,"type":"if","locations":[{"start":{"line":9,"column":407},"end":{"line":9,"column":407}},{"start":{"line":9,"column":407},"end":{"line":9,"column":407}}]},"8":{"line":9,"type":"if","locations":[{"start":{"line":9,"column":476},"end":{"line":9,"column":476}},{"start":{"line":9,"column":476},"end":{"line":9,"column":476}}]},"9":{"line":19,"type":"cond-expr","locations":[{"start":{"line":19,"column":70},"end":{"line":19,"column":73}},{"start":{"line":19,"column":76},"end":{"line":19,"column":92}}]},"10":{"line":19,"type":"binary-expr","locations":[{"start":{"line":19,"column":46},"end":{"line":19,"column":49}},{"start":{"line":19,"column":53},"end":{"line":19,"column":67}}]},"11":{"line":21,"type":"if","locations":[{"start":{"line":21,"column":35},"end":{"line":21,"column":35}},{"start":{"line":21,"column":35},"end":{"line":21,"column":35}}]},"12":{"line":23,"type":"if","locations":[{"start":{"line":23,"column":50},"end":{"line":23,"column":50}},{"start":{"line":23,"column":50},"end":{"line":23,"column":50}}]},"13":{"line":58,"type":"if","locations":[{"start":{"line":58,"column":6},"end":{"line":58,"column":6}},{"start":{"line":58,"column":6},"end":{"line":58,"column":6}}]},"14":{"line":60,"type":"if","locations":[{"start":{"line":60,"column":13},"end":{"line":60,"column":13}},{"start":{"line":60,"column":13},"end":{"line":60,"column":13}}]},"15":{"line":60,"type":"binary-expr","locations":[{"start":{"line":60,"column":17},"end":{"line":60,"column":120}},{"start":{"line":60,"column":124},"end":{"line":60,"column":226}}]},"16":{"line":75,"type":"if","locations":[{"start":{"line":75,"column":6},"end":{"line":75,"column":6}},{"start":{"line":75,"column":6},"end":{"line":75,"column":6}}]},"17":{"line":76,"type":"if","locations":[{"start":{"line":76,"column":8},"end":{"line":76,"column":8}},{"start":{"line":76,"column":8},"end":{"line":76,"column":8}}]},"18":{"line":76,"type":"binary-expr","locations":[{"start":{"line":76,"column":12},"end":{"line":76,"column":44}},{"start":{"line":76,"column":48},"end":{"line":76,"column":101}}]},"19":{"line":94,"type":"if","locations":[{"start":{"line":94,"column":6},"end":{"line":94,"column":6}},{"start":{"line":94,"column":6},"end":{"line":94,"column":6}}]},"20":{"line":110,"type":"if","locations":[{"start":{"line":110,"column":6},"end":{"line":110,"column":6}},{"start":{"line":110,"column":6},"end":{"line":110,"column":6}}]},"21":{"line":126,"type":"if","locations":[{"start":{"line":126,"column":6},"end":{"line":126,"column":6}},{"start":{"line":126,"column":6},"end":{"line":126,"column":6}}]},"22":{"line":127,"type":"if","locations":[{"start":{"line":127,"column":8},"end":{"line":127,"column":8}},{"start":{"line":127,"column":8},"end":{"line":127,"column":8}}]},"23":{"line":146,"type":"if","locations":[{"start":{"line":146,"column":6},"end":{"line":146,"column":6}},{"start":{"line":146,"column":6},"end":{"line":146,"column":6}}]},"24":{"line":146,"type":"binary-expr","locations":[{"start":{"line":146,"column":10},"end":{"line":146,"column":39}},{"start":{"line":146,"column":43},"end":{"line":146,"column":73}}]},"25":{"line":156,"type":"if","locations":[{"start":{"line":156,"column":14},"end":{"line":156,"column":14}},{"start":{"line":156,"column":14},"end":{"line":156,"column":14}}]},"26":{"line":161,"type":"if","locations":[{"start":{"line":161,"column":14},"end":{"line":161,"column":14}},{"start":{"line":161,"column":14},"end":{"line":161,"column":14}}]},"27":{"line":170,"type":"if","locations":[{"start":{"line":170,"column":10},"end":{"line":170,"column":10}},{"start":{"line":170,"column":10},"end":{"line":170,"column":10}}]},"28":{"line":176,"type":"if","locations":[{"start":{"line":176,"column":16},"end":{"line":176,"column":16}},{"start":{"line":176,"column":16},"end":{"line":176,"column":16}}]},"29":{"line":177,"type":"if","locations":[{"start":{"line":177,"column":18},"end":{"line":177,"column":18}},{"start":{"line":177,"column":18},"end":{"line":177,"column":18}}]},"30":{"line":187,"type":"if","locations":[{"start":{"line":187,"column":13},"end":{"line":187,"column":13}},{"start":{"line":187,"column":13},"end":{"line":187,"column":13}}]},"31":{"line":210,"type":"if","locations":[{"start":{"line":210,"column":6},"end":{"line":210,"column":6}},{"start":{"line":210,"column":6},"end":{"line":210,"column":6}}]},"32":{"line":210,"type":"binary-expr","locations":[{"start":{"line":210,"column":10},"end":{"line":210,"column":41}},{"start":{"line":210,"column":45},"end":{"line":210,"column":69}}]},"33":{"line":212,"type":"if","locations":[{"start":{"line":212,"column":10},"end":{"line":212,"column":10}},{"start":{"line":212,"column":10},"end":{"line":212,"column":10}}]},"34":{"line":220,"type":"cond-expr","locations":[{"start":{"line":220,"column":56},"end":{"line":220,"column":57}},{"start":{"line":220,"column":60},"end":{"line":220,"column":81}}]},"35":{"line":221,"type":"if","locations":[{"start":{"line":221,"column":12},"end":{"line":221,"column":12}},{"start":{"line":221,"column":12},"end":{"line":221,"column":12}}]},"36":{"line":221,"type":"cond-expr","locations":[{"start":{"line":221,"column":59},"end":{"line":221,"column":68}},{"start":{"line":221,"column":71},"end":{"line":221,"column":88}}]},"37":{"line":224,"type":"cond-expr","locations":[{"start":{"line":224,"column":127},"end":{"line":224,"column":136}},{"start":{"line":224,"column":139},"end":{"line":224,"column":156}}]},"38":{"line":226,"type":"cond-expr","locations":[{"start":{"line":226,"column":63},"end":{"line":226,"column":72}},{"start":{"line":226,"column":75},"end":{"line":226,"column":92}}]},"39":{"line":230,"type":"if","locations":[{"start":{"line":230,"column":10},"end":{"line":230,"column":10}},{"start":{"line":230,"column":10},"end":{"line":230,"column":10}}]},"40":{"line":231,"type":"if","locations":[{"start":{"line":231,"column":12},"end":{"line":231,"column":12}},{"start":{"line":231,"column":12},"end":{"line":231,"column":12}}]},"41":{"line":241,"type":"if","locations":[{"start":{"line":241,"column":16},"end":{"line":241,"column":16}},{"start":{"line":241,"column":16},"end":{"line":241,"column":16}}]},"42":{"line":266,"type":"if","locations":[{"start":{"line":266,"column":14},"end":{"line":266,"column":14}},{"start":{"line":266,"column":14},"end":{"line":266,"column":14}}]},"43":{"line":284,"type":"if","locations":[{"start":{"line":284,"column":8},"end":{"line":284,"column":8}},{"start":{"line":284,"column":8},"end":{"line":284,"column":8}}]},"44":{"line":284,"type":"cond-expr","locations":[{"start":{"line":284,"column":43},"end":{"line":284,"column":54}},{"start":{"line":284,"column":57},"end":{"line":284,"column":70}}]}},"l":{"3":1,"7":9,"9":7,"11":1,"13":1,"15":1,"17":1,"19":2,"21":21,"23":1,"29":1,"34":1,"35":1,"37":1,"38":1,"39":1,"49":1,"52":12,"53":12,"54":12,"56":1,"58":11,"59":1,"60":10,"61":2,"63":8,"74":4,"75":4,"76":3,"77":3,"79":0,"81":1,"93":3,"94":3,"95":0,"97":3,"109":1,"110":1,"111":0,"113":1,"125":10,"126":10,"127":9,"128":9,"130":0,"132":1,"146":4,"147":3,"148":3,"149":3,"150":6,"151":6,"152":6,"153":12,"154":12,"155":12,"156":104,"157":97,"160":12,"161":97,"162":95,"166":6,"168":3,"169":3,"170":95,"171":15,"173":80,"174":160,"175":160,"176":320,"177":95,"178":78,"185":3,"186":3,"187":1,"188":0,"190":1,"205":10,"207":10,"208":10,"210":10,"211":9,"212":9,"213":1,"215":1,"217":8,"220":9,"221":8,"222":2,"224":2,"226":6,"230":9,"231":6,"232":5,"233":14,"235":5,"236":9,"238":5,"240":5,"241":9,"242":8,"245":1,"248":5,"252":1,"257":3,"258":4,"260":3,"261":3,"263":3,"264":6,"265":6,"266":8,"267":4,"270":4,"273":6,"276":3,"277":6,"279":3,"284":9,"286":1,"290":1,"293":1}}}
