TN:
SF:C:\Users\IBRAHIM\inverted-index-api\dist\src\inverted-index.js
FN:7,(anonymous_1)
FN:7,defineProperties
FN:7,(anonymous_3)
FN:17,_interopRequireDefault
FN:19,_toConsumableArray
FN:21,_classCallCheck
FN:27,(anonymous_7)
FN:32,invertedIndex
FN:47,readFile
FN:64,isValidJSON
FN:84,isValidFileName
FN:102,createIndex
FN:125,(anonymous_13)
FN:158,searchIndex
FN:187,(anonymous_15)
FN:190,(anonymous_16)
FN:195,(anonymous_17)
FN:207,(anonymous_18)
FN:212,_loop
FN:214,(anonymous_20)
FNF:20
FNH:20
FNDA:1,(anonymous_1)
FNDA:1,defineProperties
FNDA:1,(anonymous_3)
FNDA:2,_interopRequireDefault
FNDA:16,_toConsumableArray
FNDA:1,_classCallCheck
FNDA:1,(anonymous_7)
FNDA:1,invertedIndex
FNDA:10,readFile
FNDA:4,isValidJSON
FNDA:3,isValidFileName
FNDA:4,createIndex
FNDA:95,(anonymous_13)
FNDA:8,searchIndex
FNDA:10,(anonymous_15)
FNDA:6,(anonymous_16)
FNDA:6,(anonymous_17)
FNDA:4,(anonymous_18)
FNDA:6,_loop
FNDA:8,(anonymous_20)
DA:3,1
DA:7,5
DA:9,1
DA:11,1
DA:13,1
DA:15,1
DA:17,2
DA:19,17
DA:21,1
DA:27,1
DA:32,1
DA:33,1
DA:35,1
DA:45,1
DA:48,10
DA:49,10
DA:51,2
DA:53,8
DA:65,4
DA:66,3
DA:67,3
DA:69,0
DA:72,1
DA:85,3
DA:86,0
DA:88,3
DA:103,4
DA:104,3
DA:105,3
DA:106,3
DA:107,6
DA:108,6
DA:109,12
DA:110,12
DA:111,12
DA:112,104
DA:113,97
DA:116,12
DA:117,97
DA:118,95
DA:122,6
DA:124,3
DA:125,3
DA:126,95
DA:127,15
DA:129,80
DA:130,160
DA:131,320
DA:132,95
DA:133,78
DA:140,3
DA:141,3
DA:143,1
DA:159,8
DA:160,8
DA:162,8
DA:163,0
DA:165,8
DA:166,1
DA:168,1
DA:170,7
DA:173,8
DA:174,7
DA:175,0
DA:177,0
DA:179,7
DA:183,8
DA:184,5
DA:185,1
DA:187,4
DA:188,10
DA:190,4
DA:191,6
DA:193,4
DA:195,4
DA:196,6
DA:197,5
DA:200,1
DA:203,4
DA:207,3
DA:208,4
DA:210,3
DA:212,3
DA:213,6
DA:214,6
DA:215,8
DA:216,4
DA:219,4
DA:222,6
DA:225,3
DA:226,6
DA:228,3
DA:234,1
DA:237,1
LF:94
LH:89
BRDA:7,1,0,5
BRDA:7,1,1,5
BRDA:7,2,0,5
BRDA:7,2,1,0
BRDA:7,3,0,1
BRDA:7,3,1,0
BRDA:7,4,0,0
BRDA:7,4,1,1
BRDA:17,5,0,0
BRDA:17,5,1,2
BRDA:17,6,0,2
BRDA:17,6,1,2
BRDA:19,7,0,16
BRDA:19,7,1,0
BRDA:21,8,0,0
BRDA:21,8,1,1
BRDA:65,9,0,3
BRDA:65,9,1,1
BRDA:66,10,0,3
BRDA:66,10,1,0
BRDA:66,11,0,3
BRDA:66,11,1,3
BRDA:85,12,0,0
BRDA:85,12,1,3
BRDA:103,13,0,3
BRDA:103,13,1,1
BRDA:103,14,0,4
BRDA:103,14,1,3
BRDA:112,15,0,97
BRDA:112,15,1,7
BRDA:117,16,0,95
BRDA:117,16,1,2
BRDA:126,17,0,15
BRDA:126,17,1,80
BRDA:131,18,0,95
BRDA:131,18,1,225
BRDA:132,19,0,78
BRDA:132,19,1,17
BRDA:162,20,0,0
BRDA:162,20,1,8
BRDA:165,21,0,1
BRDA:165,21,1,7
BRDA:173,22,0,3
BRDA:173,22,1,12
BRDA:174,23,0,0
BRDA:174,23,1,7
BRDA:174,24,0,0
BRDA:174,24,1,7
BRDA:177,25,0,0
BRDA:177,25,1,0
BRDA:179,26,0,0
BRDA:179,26,1,7
BRDA:183,27,0,5
BRDA:183,27,1,3
BRDA:184,28,0,1
BRDA:184,28,1,4
BRDA:196,29,0,5
BRDA:196,29,1,1
BRDA:215,30,0,4
BRDA:215,30,1,4
BRF:60
BRH:46
end_of_record
