TN:
SF:C:\Users\IBRAHIM\inverted-index-api\dist\src\inverted-index.js
FN:7,(anonymous_1)
FN:7,defineProperties
FN:7,(anonymous_3)
FN:17,_interopRequireDefault
FN:19,_toConsumableArray
FN:21,_classCallCheck
FN:27,(anonymous_7)
FN:32,invertedIndex
FN:47,readFile
FN:64,isValidJSON
FN:84,isValidFileName
FN:102,createIndex
FN:125,(anonymous_13)
FN:158,searchIndex
FN:187,(anonymous_15)
FN:190,(anonymous_16)
FN:195,(anonymous_17)
FN:207,(anonymous_18)
FN:212,_loop
FN:214,(anonymous_20)
FNF:20
FNH:20
FNDA:1,(anonymous_1)
FNDA:1,defineProperties
FNDA:1,(anonymous_3)
FNDA:2,_interopRequireDefault
FNDA:13,_toConsumableArray
FNDA:1,_classCallCheck
FNDA:1,(anonymous_7)
FNDA:1,invertedIndex
FNDA:9,readFile
FNDA:3,isValidJSON
FNDA:2,isValidFileName
FNDA:3,createIndex
FNDA:63,(anonymous_13)
FNDA:5,searchIndex
FNDA:8,(anonymous_15)
FNDA:5,(anonymous_16)
FNDA:5,(anonymous_17)
FNDA:3,(anonymous_18)
FNDA:4,_loop
FNDA:6,(anonymous_20)
DA:3,1
DA:7,5
DA:9,1
DA:11,1
DA:13,1
DA:15,1
DA:17,2
DA:19,14
DA:21,1
DA:27,1
DA:32,1
DA:33,1
DA:35,1
DA:45,1
DA:48,9
DA:49,9
DA:51,2
DA:53,7
DA:65,3
DA:66,2
DA:67,2
DA:69,0
DA:72,1
DA:85,2
DA:86,0
DA:88,2
DA:103,3
DA:104,2
DA:105,2
DA:106,2
DA:107,4
DA:108,4
DA:109,8
DA:110,8
DA:111,8
DA:112,69
DA:113,65
DA:116,8
DA:117,65
DA:118,63
DA:122,4
DA:124,2
DA:125,2
DA:126,63
DA:127,12
DA:129,51
DA:130,102
DA:131,204
DA:132,64
DA:133,50
DA:140,2
DA:141,2
DA:143,1
DA:159,5
DA:160,5
DA:162,5
DA:163,0
DA:165,5
DA:166,1
DA:168,1
DA:170,4
DA:173,5
DA:174,5
DA:175,0
DA:177,0
DA:179,5
DA:183,5
DA:184,3
DA:185,0
DA:187,3
DA:188,8
DA:190,3
DA:191,5
DA:193,3
DA:195,3
DA:196,5
DA:197,4
DA:200,1
DA:203,3
DA:207,2
DA:208,3
DA:210,2
DA:212,2
DA:213,4
DA:214,4
DA:215,6
DA:216,3
DA:219,3
DA:222,4
DA:225,2
DA:226,4
DA:228,2
DA:234,1
DA:237,1
LF:94
LH:88
BRDA:7,1,0,5
BRDA:7,1,1,5
BRDA:7,2,0,5
BRDA:7,2,1,0
BRDA:7,3,0,1
BRDA:7,3,1,0
BRDA:7,4,0,0
BRDA:7,4,1,1
BRDA:17,5,0,0
BRDA:17,5,1,2
BRDA:17,6,0,2
BRDA:17,6,1,2
BRDA:19,7,0,13
BRDA:19,7,1,0
BRDA:21,8,0,0
BRDA:21,8,1,1
BRDA:65,9,0,2
BRDA:65,9,1,1
BRDA:66,10,0,2
BRDA:66,10,1,0
BRDA:66,11,0,2
BRDA:66,11,1,2
BRDA:85,12,0,0
BRDA:85,12,1,2
BRDA:103,13,0,2
BRDA:103,13,1,1
BRDA:103,14,0,3
BRDA:103,14,1,2
BRDA:112,15,0,65
BRDA:112,15,1,4
BRDA:117,16,0,63
BRDA:117,16,1,2
BRDA:126,17,0,12
BRDA:126,17,1,51
BRDA:131,18,0,64
BRDA:131,18,1,140
BRDA:132,19,0,50
BRDA:132,19,1,14
BRDA:162,20,0,0
BRDA:162,20,1,5
BRDA:165,21,0,1
BRDA:165,21,1,4
BRDA:173,22,0,2
BRDA:173,22,1,8
BRDA:174,23,0,0
BRDA:174,23,1,5
BRDA:174,24,0,0
BRDA:174,24,1,5
BRDA:177,25,0,0
BRDA:177,25,1,0
BRDA:179,26,0,0
BRDA:179,26,1,5
BRDA:183,27,0,3
BRDA:183,27,1,2
BRDA:184,28,0,0
BRDA:184,28,1,3
BRDA:196,29,0,4
BRDA:196,29,1,1
BRDA:215,30,0,3
BRDA:215,30,1,3
BRF:60
BRH:45
end_of_record
